<?xml version="1.0" encoding="UTF-8"?>
<robot generator="Robot 4.1.3 (Python 3.9.10 on win32)" generated="20220315 16:32:31.129" rpa="false" schemaversion="2">
<suite id="s1" name="Logar" source="D:\COBRA\Automa-o-Robot\test-case\logar.robot">
<test id="s1-t1" name="Cenário 1 - Realizar pesquisa com filtro zerado">
<kw name="Dado que acesso ao site automation" library="home">
<kw name="Open Browser" library="SeleniumLibrary">
<arg>url:</arg>
<arg>chrome</arg>
<doc>Opens a new browser instance to the optional ``url``.</doc>
<msg timestamp="20220315 16:32:31.362" level="INFO">Opening browser 'chrome' to base url 'url:'.</msg>
<status status="PASS" starttime="20220315 16:32:31.361" endtime="20220315 16:32:32.559"/>
</kw>
<kw name="Go To" library="SeleniumLibrary">
<arg>http://automationpractice.com</arg>
<doc>Navigates the current browser window to the provided ``url``.</doc>
<msg timestamp="20220315 16:32:32.560" level="INFO">Opening url 'http://automationpractice.com'</msg>
<status status="PASS" starttime="20220315 16:32:32.559" endtime="20220315 16:32:38.229"/>
</kw>
<status status="PASS" starttime="20220315 16:32:31.361" endtime="20220315 16:32:38.230"/>
</kw>
<kw name="Quando clico no botão pesquisa sem inserir nenhum texto" library="home">
<kw name="Click Button" library="SeleniumLibrary">
<arg>//*[@id="searchbox"]/button</arg>
<doc>Clicks the button identified by ``locator``.</doc>
<msg timestamp="20220315 16:32:38.230" level="INFO">Clicking button '//*[@id="searchbox"]/button'.</msg>
<status status="PASS" starttime="20220315 16:32:38.230" endtime="20220315 16:32:38.303"/>
</kw>
<kw name="Title Should Be" library="SeleniumLibrary">
<arg>Search - My Store</arg>
<doc>Verifies that the current page title equals ``title``.</doc>
<msg timestamp="20220315 16:32:39.186" level="INFO">Page title is 'Search - My Store'.</msg>
<status status="PASS" starttime="20220315 16:32:38.304" endtime="20220315 16:32:39.186"/>
</kw>
<status status="PASS" starttime="20220315 16:32:38.230" endtime="20220315 16:32:39.186"/>
</kw>
<kw name="Então sou direcionado para aba de pesquisas sem nenhum filtro" library="pesquisa">
<kw name="Wait Until Element Contains" library="SeleniumLibrary">
<arg>//*[@id="center_column"]/p</arg>
<arg>Please enter a search keyword</arg>
<doc>Waits until the element ``locator`` contains ``text``.</doc>
<status status="PASS" starttime="20220315 16:32:39.187" endtime="20220315 16:32:39.210"/>
</kw>
<status status="PASS" starttime="20220315 16:32:39.186" endtime="20220315 16:32:39.210"/>
</kw>
<status status="PASS" starttime="20220315 16:32:31.360" endtime="20220315 16:32:39.210"/>
</test>
<status status="PASS" starttime="20220315 16:32:31.131" endtime="20220315 16:32:39.212"/>
</suite>
<statistics>
<total>
<stat pass="1" fail="0" skip="0">All Tests</stat>
</total>
<tag>
</tag>
<suite>
<stat pass="1" fail="0" skip="0" id="s1" name="Logar">Logar</stat>
</suite>
</statistics>
<errors>
</errors>
</robot>
